\BOOKMARK [1][-]{section.1}{Statistical Modeling Overview and Basic Theory}{}% 1
\BOOKMARK [2][-]{subsection.1.1}{Overview}{section.1}% 2
\BOOKMARK [2][-]{subsection.1.2}{Decision Theory}{section.1}% 3
\BOOKMARK [2][-]{subsection.1.3}{Expected Loss Function}{section.1}% 4
\BOOKMARK [2][-]{subsection.1.4}{Bias-Variance Tradeoff}{section.1}% 5
\BOOKMARK [2][-]{subsection.1.5}{Generative vs. Discriminative Models}{section.1}% 6
\BOOKMARK [2][-]{subsection.1.6}{Curse of Dimensionality}{section.1}% 7
\BOOKMARK [2][-]{subsection.1.7}{No Free Lunch Theorem}{section.1}% 8
\BOOKMARK [1][-]{section.2}{Metrics and Loss Functions}{}% 9
\BOOKMARK [2][-]{subsection.2.1}{Classification Metrics}{section.2}% 10
\BOOKMARK [3][-]{subsubsection.2.1.1}{Confusion Matrix}{subsection.2.1}% 11
\BOOKMARK [1][-]{section.3}{Generalized Linear Models}{}% 12
\BOOKMARK [2][-]{subsubsection.3.0.1}{Logistic Regression}{section.3}% 13
\BOOKMARK [1][-]{section.4}{Ensemble}{}% 14
\BOOKMARK [2][-]{subsection.4.1}{Bagging}{section.4}% 15
\BOOKMARK [2][-]{subsection.4.2}{Random Forrest}{section.4}% 16
\BOOKMARK [2][-]{subsection.4.3}{Bumping}{section.4}% 17
\BOOKMARK [2][-]{subsection.4.4}{Boosting}{section.4}% 18
\BOOKMARK [3][-]{subsubsection.4.4.1}{Gradient Boosting}{subsection.4.4}% 19
\BOOKMARK [3][-]{subsubsection.4.4.2}{Adaboost}{subsection.4.4}% 20
\BOOKMARK [1][-]{section.5}{Unsupervised}{}% 21
\BOOKMARK [2][-]{subsection.5.1}{Principal Components Analysis}{section.5}% 22
\BOOKMARK [1][-]{section.6}{Terms and Notation}{}% 23
\BOOKMARK [2][-]{subsection.6.1}{Variable notiation}{section.6}% 24
\BOOKMARK [1][-]{section.7}{Basic Statistical Concepts}{}% 25
\BOOKMARK [2][-]{subsection.7.1}{Inference}{section.7}% 26
